-------------------------------------------------------------------------------
Test set: com.junitlearn.practice.SpringbootJunitPracticeApplicationTests
-------------------------------------------------------------------------------
Tests run: 3, Failures: 1, Errors: 0, Skipped: 0, Time elapsed: 6.129 s <<< FAILURE! -- in com.junitlearn.practice.SpringbootJunitPracticeApplicationTests
com.junitlearn.practice.SpringbootJunitPracticeApplicationTests.shouldNotThrowExceptionWhenBalanceIsInsufficient -- Time elapsed: 1.441 s <<< FAILURE!
org.opentest4j.AssertionFailedError: Unexpected exception thrown: java.lang.IllegalArgumentException: Insufficient balance
	at org.junit.jupiter.api.AssertionFailureBuilder.build(AssertionFailureBuilder.java:159)
	at org.junit.jupiter.api.AssertDoesNotThrow.createAssertionFailedError(AssertDoesNotThrow.java:90)
	at org.junit.jupiter.api.AssertDoesNotThrow.assertDoesNotThrow(AssertDoesNotThrow.java:56)
	at org.junit.jupiter.api.AssertDoesNotThrow.assertDoesNotThrow(AssertDoesNotThrow.java:39)
	at org.junit.jupiter.api.Assertions.assertDoesNotThrow(Assertions.java:3295)
	at com.junitlearn.practice.SpringbootJunitPracticeApplicationTests.shouldNotThrowExceptionWhenBalanceIsInsufficient(SpringbootJunitPracticeApplicationTests.java:38)
Caused by: java.lang.IllegalArgumentException: Insufficient balance
	at com.junitlearn.practice.AccountService.withdraw(AccountService.java:8)
	at com.junitlearn.practice.SpringbootJunitPracticeApplicationTests.lambda$shouldNotThrowExceptionWhenBalanceIsInsufficient$0(SpringbootJunitPracticeApplicationTests.java:38)
	at org.junit.jupiter.api.AssertDoesNotThrow.assertDoesNotThrow(AssertDoesNotThrow.java:52)
	... 3 more

