-------------------------------------------------------------------------------
Test set: com.junitlearn.practice.CalculatorTest
-------------------------------------------------------------------------------
Tests run: 7, Failures: 1, Errors: 0, Skipped: 0, Time elapsed: 0.198 s <<< FAILURE! -- in com.junitlearn.practice.CalculatorTest
com.junitlearn.practice.CalculatorTest.testSubtract -- Time elapsed: 0.014 s <<< FAILURE!
org.opentest4j.AssertionFailedError: Addition result should be 40 ==> expected: <110> but was: <10>
	at org.junit.jupiter.api.AssertionFailureBuilder.build(AssertionFailureBuilder.java:158)
	at org.junit.jupiter.api.AssertionFailureBuilder.buildAndThrow(AssertionFailureBuilder.java:139)
	at org.junit.jupiter.api.AssertEquals.failNotEqual(AssertEquals.java:201)
	at org.junit.jupiter.api.AssertEquals.assertEquals(AssertEquals.java:152)
	at org.junit.jupiter.api.Assertions.assertEquals(Assertions.java:590)
	at com.junitlearn.practice.CalculatorTest.testSubtract(CalculatorTest.java:58)

