<?xml version="1.0" encoding="UTF-8"?>
<testsuite xmlns:xsi="http://www.w3.org/2001/XMLSchema-instance" xsi:noNamespaceSchemaLocation="https://maven.apache.org/surefire/maven-surefire-plugin/xsd/surefire-test-report.xsd" version="3.0.2" name="com.junitlearn.practice.CalculatorTest" time="0.198" tests="7" errors="0" skipped="0" failures="1" flakes="0">
  <properties>
[...]
</properties>
  <testcase name="shouldReturnTrueWhenPasswordMatches" classname="com.junitlearn.practice.CalculatorTest" time="0.015"/>
  <testcase name="testSubtract" classname="com.junitlearn.practice.CalculatorTest" time="0.014">
    <failure message="Addition result should be 40 ==&gt; expected: &lt;110&gt; but was: &lt;10&gt;" type="org.opentest4j.AssertionFailedError"><![CDATA[org.opentest4j.AssertionFailedError: Addition result should be 40 ==> expected: <110> but was: <10>
	at org.junit.jupiter.api.AssertionFailureBuilder.build(AssertionFailureBuilder.java:158)
	at org.junit.jupiter.api.AssertionFailureBuilder.buildAndThrow(AssertionFailureBuilder.java:139)
	at org.junit.jupiter.api.AssertEquals.failNotEqual(AssertEquals.java:201)
	at org.junit.jupiter.api.AssertEquals.assertEquals(AssertEquals.java:152)
	at org.junit.jupiter.api.Assertions.assertEquals(Assertions.java:590)
	at com.junitlearn.practice.CalculatorTest.testSubtract(CalculatorTest.java:58)
]]></failure>
  </testcase>
  <testcase name="shouldSumTwoNumbers" classname="com.junitlearn.practice.CalculatorTest" time="0.011"/>
  <testcase name="shouldThrowExceptionWhenDividingByZero" classname="com.junitlearn.practice.CalculatorTest" time="0.031"/>
  <testcase name="shouldCalculateTenPercentTax" classname="com.junitlearn.practice.CalculatorTest" time="0.026"/>
  <testcase name="shouldAddTwoNumbers" classname="com.junitlearn.practice.CalculatorTest" time="0.001"/>
  <testcase name="shouldCompareLists" classname="com.junitlearn.practice.CalculatorTest" time="0.023"/>
</testsuite>